<?xml version="1.0" encoding="UTF-8"?>
<!-- Generated by org.testng.reporters.JUnitXMLReporter -->
<testsuite ignored="0" hostname="Krishnas-MacBook-Pro.local" failures="0" tests="5" name="Default test" time="2.989" errors="0" timestamp="2024-02-21T20:07:48 EST">
  <testcase classname="com.APITesting.UserAPIController.TestCase.UserAPIRequest" name="postUsers" time="1.64"/>
  <testcase classname="com.APITesting.UserAPIController.TestCase.UserAPIRequest" name="postUsers" time="0.316"/>
  <testcase classname="com.APITesting.UserAPIController.TestCase.UserAPIRequest" name="postUsers" time="0.318"/>
  <testcase classname="com.APITesting.UserAPIController.TestCase.UserAPIRequest" name="postUsers" time="0.348"/>
  <testcase classname="com.APITesting.UserAPIController.TestCase.UserAPIRequest" name="postUsers" time="0.308"/>
</testsuite> <!-- Default test -->
