<?xml version="1.0" encoding="UTF-8"?>
<!-- Generated by org.testng.reporters.JUnitXMLReporter -->
<testsuite ignored="6" hostname="Krishnas-MacBook-Pro.local" failures="1" tests="7" name="E2ETesting" time="6.429" errors="0" timestamp="2024-02-16T15:14:00 EST">
  <testcase classname="com.APITesting.UserAPIController.TestCase.ApiRequest" name="postUsersPositive" time="3.422"/>
  <testcase classname="com.APITesting.UserAPIController.TestCase.ApiRequest" name="getAllUsers" time="1.104"/>
  <testcase classname="com.APITesting.UserAPIController.TestCase.ApiRequest" name="getUserById" time="0.402"/>
  <testcase classname="com.APITesting.UserAPIController.TestCase.ApiRequest" name="putUser" time="0.349"/>
  <testcase classname="com.APITesting.UserAPIController.TestCase.ApiRequest" name="getUserByName" time="0.338"/>
  <testcase classname="com.APITesting.UserAPIController.TestCase.ApiRequest" name="deleteUserById" time="0.364"/>
  <testcase classname="com.APITesting.UserAPIController.TestCase.ApiRequest" name="deleteUserByName" time="0.333">
    <failure type="java.lang.AssertionError" message="1 expectation failed.
Expected status code &amp;lt;400&amp;gt; but was &amp;lt;404&amp;gt;.
">
      <![CDATA[java.lang.AssertionError: 1 expectation failed.
Expected status code <400> but was <404>.

at org.codehaus.groovy.runtime.callsite.ConstructorSite$ConstructorSiteNoUnwrap.callConstructor(ConstructorSite.java:86)
at org.codehaus.groovy.runtime.callsite.CallSiteArray.defaultCallConstructor(CallSiteArray.java:57)
at org.codehaus.groovy.runtime.callsite.AbstractCallSite.callConstructor(AbstractCallSite.java:263)
at org.codehaus.groovy.runtime.callsite.AbstractCallSite.callConstructor(AbstractCallSite.java:277)
at io.restassured.internal.ResponseSpecificationImpl$HamcrestAssertionClosure.validate(ResponseSpecificationImpl.groovy:512)
at io.restassured.internal.ResponseSpecificationImpl$HamcrestAssertionClosure$validate$1.call(Unknown Source)
at io.restassured.internal.ResponseSpecificationImpl.validateResponseIfRequired(ResponseSpecificationImpl.groovy:696)
at io.restassured.internal.ResponseSpecificationImpl.this$2$validateResponseIfRequired(ResponseSpecificationImpl.groovy)
at org.codehaus.groovy.runtime.callsite.PlainObjectMetaMethodSite.doInvoke(PlainObjectMetaMethodSite.java:43)
at org.codehaus.groovy.runtime.callsite.PogoMetaMethodSite$PogoCachedMethodSiteNoUnwrapNoCoerce.invoke(PogoMetaMethodSite.java:198)
at org.codehaus.groovy.runtime.callsite.PogoMetaMethodSite.callCurrent(PogoMetaMethodSite.java:62)
at org.codehaus.groovy.runtime.callsite.AbstractCallSite.callCurrent(AbstractCallSite.java:185)
at io.restassured.internal.ResponseSpecificationImpl.statusCode(ResponseSpecificationImpl.groovy:135)
at io.restassured.specification.ResponseSpecification$statusCode$0.callCurrent(Unknown Source)
at io.restassured.internal.ResponseSpecificationImpl.statusCode(ResponseSpecificationImpl.groovy:143)
at io.restassured.internal.ValidatableResponseOptionsImpl.statusCode(ValidatableResponseOptionsImpl.java:89)
at com.APITesting.UserAPIController.TestCase.ApiRequest.deleteUserByName(ApiRequest.java:180)
at java.base/java.util.ArrayList.forEach(ArrayList.java:1507)
... Removed 38 stack frames]]>
    </failure>
  </testcase> <!-- deleteUserByName -->
  <testcase classname="com.APITesting.UserAPIController.TestCase.ApiRequest" name="postUsersNegative" time="0.0">
    <ignored/>
  </testcase> <!-- postUsersNegative -->
  <testcase classname="com.APITesting.UserAPIController.TestCase.ApiRequest" name="deleteUserByNameNegative" time="0.0">
    <ignored/>
  </testcase> <!-- deleteUserByNameNegative -->
  <testcase classname="com.APITesting.UserAPIController.TestCase.ApiRequest" name="deleteUserByIdNegative" time="0.0">
    <ignored/>
  </testcase> <!-- deleteUserByIdNegative -->
  <testcase classname="com.APITesting.UserAPIController.TestCase.ApiRequest" name="getUserByIdNegative" time="0.0">
    <ignored/>
  </testcase> <!-- getUserByIdNegative -->
  <testcase classname="com.APITesting.UserAPIController.TestCase.ApiRequest" name="putUserNegative" time="0.0">
    <ignored/>
  </testcase> <!-- putUserNegative -->
  <testcase classname="com.APITesting.UserAPIController.TestCase.ApiRequest" name="getUserByNameNegative" time="0.0">
    <ignored/>
  </testcase> <!-- getUserByNameNegative -->
</testsuite> <!-- E2ETesting -->
