<?xml version="1.0" encoding="UTF-8"?>
<!-- Generated by org.testng.reporters.JUnitXMLReporter -->
<testsuite ignored="7" hostname="Krishnas-MacBook-Pro.local" failures="2" tests="18" name="NegativeTesting" time="5.004" errors="0" timestamp="2024-02-16T15:14:05 EST">
  <testcase classname="com.APITesting.UserAPIController.TestCase.ApiRequest" name="postUsersNegative" time="0.0">
    <failure type="java.lang.RuntimeException" message="org.json.JSONException: JSONObject[&amp;quot;street&amp;quot;] not found.">
      <![CDATA[java.lang.RuntimeException: org.json.JSONException: JSONObject["street"] not found.
at java.base/java.util.ArrayList.forEach(ArrayList.java:1507)
Caused by: org.json.JSONException: JSONObject["street"] not found.
at org.json.JSONObject.get(JSONObject.java:595)
at org.json.JSONObject.getString(JSONObject.java:882)
at com.APITesting.UserAPIController.TestCase.ApiRequest.getRecordsFromJSONForPost(ApiRequest.java:407)
... 25 more
... Removed 32 stack frames]]>
    </failure>
  </testcase> <!-- postUsersNegative -->
  <testcase classname="com.APITesting.UserAPIController.TestCase.ApiRequest" name="getUserByIdNegative" time="0.34"/>
  <testcase classname="com.APITesting.UserAPIController.TestCase.ApiRequest" name="getUserByIdNegative" time="0.294"/>
  <testcase classname="com.APITesting.UserAPIController.TestCase.ApiRequest" name="getUserByIdNegative" time="0.303"/>
  <testcase classname="com.APITesting.UserAPIController.TestCase.ApiRequest" name="getUserByIdNegative" time="0.321"/>
  <testcase classname="com.APITesting.UserAPIController.TestCase.ApiRequest" name="getUserByNameNegative" time="0.325"/>
  <testcase classname="com.APITesting.UserAPIController.TestCase.ApiRequest" name="getUserByNameNegative" time="0.34"/>
  <testcase classname="com.APITesting.UserAPIController.TestCase.ApiRequest" name="getUserByNameNegative" time="0.292"/>
  <testcase classname="com.APITesting.UserAPIController.TestCase.ApiRequest" name="getUserByNameNegative" time="0.296"/>
  <testcase classname="com.APITesting.UserAPIController.TestCase.ApiRequest" name="deleteUserByIdNegative" time="0.304"/>
  <testcase classname="com.APITesting.UserAPIController.TestCase.ApiRequest" name="deleteUserByIdNegative" time="0.292"/>
  <testcase classname="com.APITesting.UserAPIController.TestCase.ApiRequest" name="deleteUserByIdNegative" time="0.298"/>
  <testcase classname="com.APITesting.UserAPIController.TestCase.ApiRequest" name="deleteUserByIdNegative" time="0.336"/>
  <testcase classname="com.APITesting.UserAPIController.TestCase.ApiRequest" name="deleteUserByNameNegative" time="0.29"/>
  <testcase classname="com.APITesting.UserAPIController.TestCase.ApiRequest" name="deleteUserByNameNegative" time="0.291"/>
  <testcase classname="com.APITesting.UserAPIController.TestCase.ApiRequest" name="deleteUserByNameNegative" time="0.294"/>
  <testcase classname="com.APITesting.UserAPIController.TestCase.ApiRequest" name="deleteUserByNameNegative" time="0.345"/>
  <testcase classname="com.APITesting.UserAPIController.TestCase.ApiRequest" name="putUserNegative" time="0.0">
    <failure type="java.lang.RuntimeException" message="org.json.JSONException: JSONObject[&amp;quot;street&amp;quot;] not found.">
      <![CDATA[java.lang.RuntimeException: org.json.JSONException: JSONObject["street"] not found.
at java.base/java.util.ArrayList.forEach(ArrayList.java:1507)
Caused by: org.json.JSONException: JSONObject["street"] not found.
at org.json.JSONObject.get(JSONObject.java:595)
at org.json.JSONObject.getString(JSONObject.java:882)
at com.APITesting.UserAPIController.TestCase.ApiRequest.getRecordsFromJSONForPutNegative(ApiRequest.java:469)
... 25 more
... Removed 32 stack frames]]>
    </failure>
  </testcase> <!-- putUserNegative -->
  <testcase classname="com.APITesting.UserAPIController.TestCase.ApiRequest" name="getUserById" time="0.0">
    <ignored/>
  </testcase> <!-- getUserById -->
  <testcase classname="com.APITesting.UserAPIController.TestCase.ApiRequest" name="deleteUserById" time="0.0">
    <ignored/>
  </testcase> <!-- deleteUserById -->
  <testcase classname="com.APITesting.UserAPIController.TestCase.ApiRequest" name="getUserByName" time="0.0">
    <ignored/>
  </testcase> <!-- getUserByName -->
  <testcase classname="com.APITesting.UserAPIController.TestCase.ApiRequest" name="deleteUserByName" time="0.0">
    <ignored/>
  </testcase> <!-- deleteUserByName -->
  <testcase classname="com.APITesting.UserAPIController.TestCase.ApiRequest" name="postUsersPositive" time="0.0">
    <ignored/>
  </testcase> <!-- postUsersPositive -->
  <testcase classname="com.APITesting.UserAPIController.TestCase.ApiRequest" name="getAllUsers" time="0.0">
    <ignored/>
  </testcase> <!-- getAllUsers -->
  <testcase classname="com.APITesting.UserAPIController.TestCase.ApiRequest" name="putUser" time="0.0">
    <ignored/>
  </testcase> <!-- putUser -->
</testsuite> <!-- NegativeTesting -->
