<?xml version="1.0" encoding="UTF-8"?>
<testng-results ignored="0" total="5" passed="5" failed="0" skipped="0">
  <reporter-output>
  </reporter-output>
  <suite started-at="2024-02-21T20:07:45 EST" name="Default suite" finished-at="2024-02-21T20:07:48 EST" duration-ms="2989">
    <groups>
    </groups>
    <test started-at="2024-02-21T20:07:45 EST" name="Default test" finished-at="2024-02-21T20:07:48 EST" duration-ms="2989">
      <class name="com.APITesting.UserAPIController.TestCase.UserAPIRequest">
        <test-method signature="postUsers(java.lang.String,java.lang.String)[pri:0, instance:com.APITesting.UserAPIController.TestCase.UserAPIRequest@4bff64c2]" started-at="2024-02-21T20:07:46 EST" name="postUsers" data-provider="getUserDetails" finished-at="2024-02-21T20:07:47 EST" duration-ms="1640" status="PASS">
          <params>
            <param index="0">
              <value>
                <![CDATA[Nicholas]]>
              </value>
            </param>
            <param index="1">
              <value>
                <![CDATA[Project Manager]]>
              </value>
            </param>
          </params>
          <reporter-output>
          </reporter-output>
        </test-method> <!-- postUsers -->
        <test-method signature="postUsers(java.lang.String,java.lang.String)[pri:0, instance:com.APITesting.UserAPIController.TestCase.UserAPIRequest@4bff64c2]" started-at="2024-02-21T20:07:47 EST" name="postUsers" data-provider="getUserDetails" finished-at="2024-02-21T20:07:47 EST" duration-ms="316" status="PASS">
          <params>
            <param index="0">
              <value>
                <![CDATA[Sam]]>
              </value>
            </param>
            <param index="1">
              <value>
                <![CDATA[Team Manager]]>
              </value>
            </param>
          </params>
          <reporter-output>
          </reporter-output>
        </test-method> <!-- postUsers -->
        <test-method signature="postUsers(java.lang.String,java.lang.String)[pri:0, instance:com.APITesting.UserAPIController.TestCase.UserAPIRequest@4bff64c2]" started-at="2024-02-21T20:07:47 EST" name="postUsers" data-provider="getUserDetails" finished-at="2024-02-21T20:07:48 EST" duration-ms="318" status="PASS">
          <params>
            <param index="0">
              <value>
                <![CDATA[Mathew]]>
              </value>
            </param>
            <param index="1">
              <value>
                <![CDATA[Team Lead]]>
              </value>
            </param>
          </params>
          <reporter-output>
          </reporter-output>
        </test-method> <!-- postUsers -->
        <test-method signature="postUsers(java.lang.String,java.lang.String)[pri:0, instance:com.APITesting.UserAPIController.TestCase.UserAPIRequest@4bff64c2]" started-at="2024-02-21T20:07:48 EST" name="postUsers" data-provider="getUserDetails" finished-at="2024-02-21T20:07:48 EST" duration-ms="348" status="PASS">
          <params>
            <param index="0">
              <value>
                <![CDATA[Peter]]>
              </value>
            </param>
            <param index="1">
              <value>
                <![CDATA[Developer]]>
              </value>
            </param>
          </params>
          <reporter-output>
          </reporter-output>
        </test-method> <!-- postUsers -->
        <test-method signature="postUsers(java.lang.String,java.lang.String)[pri:0, instance:com.APITesting.UserAPIController.TestCase.UserAPIRequest@4bff64c2]" started-at="2024-02-21T20:07:48 EST" name="postUsers" data-provider="getUserDetails" finished-at="2024-02-21T20:07:48 EST" duration-ms="308" status="PASS">
          <params>
            <param index="0">
              <value>
                <![CDATA[Carl]]>
              </value>
            </param>
            <param index="1">
              <value>
                <![CDATA[Tester]]>
              </value>
            </param>
          </params>
          <reporter-output>
          </reporter-output>
        </test-method> <!-- postUsers -->
      </class> <!-- com.APITesting.UserAPIController.TestCase.UserAPIRequest -->
    </test> <!-- Default test -->
  </suite> <!-- Default suite -->
</testng-results>
